2026-06-25 23:39:56.0810|INFO|Main|AdaptableLog|AdaptableLog initialized.
2026-06-25 23:39:56.0810|INFO|Main|AdaptableLog|ExternalDataBridge initialized.
2026-06-25 23:39:56.1401|INFO|Main|GameData.Common.DataUpgradeManager|DataUpgradeManager initialized.
2026-06-25 23:39:56.2055|INFO|Worker0|GameData.Common.WorkerThread.WorkerThreadManager|Worker thread started.
2026-06-25 23:39:56.2055|INFO|Worker5|GameData.Common.WorkerThread.WorkerThreadManager|Worker thread started.
2026-06-25 23:39:56.2055|INFO|Worker2|GameData.Common.WorkerThread.WorkerThreadManager|Worker thread started.
2026-06-25 23:39:56.2055|INFO|Worker3|GameData.Common.WorkerThread.WorkerThreadManager|Worker thread started.
2026-06-25 23:39:56.2055|INFO|Worker4|GameData.Common.WorkerThread.WorkerThreadManager|Worker thread started.
2026-06-25 23:39:56.2055|INFO|Worker10|GameData.Common.WorkerThread.WorkerThreadManager|Worker thread started.
2026-06-25 23:39:56.2055|INFO|Worker6|GameData.Common.WorkerThread.WorkerThreadManager|Worker thread started.
2026-06-25 23:39:56.2055|INFO|Worker7|GameData.Common.WorkerThread.WorkerThreadManager|Worker thread started.
2026-06-25 23:39:56.2055|INFO|Worker0|AdaptableLog|CharacterActionPlanner created.
2026-06-25 23:39:56.2055|INFO|Worker14|GameData.Common.WorkerThread.WorkerThreadManager|Worker thread started.
2026-06-25 23:39:56.2055|INFO|Worker15|GameData.Common.WorkerThread.WorkerThreadManager|Worker thread started.
2026-06-25 23:39:56.2055|INFO|Worker16|GameData.Common.WorkerThread.WorkerThreadManager|Worker thread started.
2026-06-25 23:39:56.2055|INFO|Worker8|GameData.Common.WorkerThread.WorkerThreadManager|Worker thread started.
2026-06-25 23:39:56.2055|INFO|Worker9|GameData.Common.WorkerThread.WorkerThreadManager|Worker thread started.
2026-06-25 23:39:56.2055|INFO|Worker19|GameData.Common.WorkerThread.WorkerThreadManager|Worker thread started.
2026-06-25 23:39:56.2055|INFO|Worker1|GameData.Common.WorkerThread.WorkerThreadManager|Worker thread started.
2026-06-25 23:39:56.2055|INFO|Worker21|GameData.Common.WorkerThread.WorkerThreadManager|Worker thread started.
2026-06-25 23:39:56.2055|INFO|Worker11|GameData.Common.WorkerThread.WorkerThreadManager|Worker thread started.
2026-06-25 23:39:56.2055|INFO|Worker12|GameData.Common.WorkerThread.WorkerThreadManager|Worker thread started.
2026-06-25 23:39:56.2055|INFO|Worker13|GameData.Common.WorkerThread.WorkerThreadManager|Worker thread started.
2026-06-25 23:39:56.2055|INFO|Worker17|GameData.Common.WorkerThread.WorkerThreadManager|Worker thread started.
2026-06-25 23:39:56.2055|INFO|Worker29|GameData.Common.WorkerThread.WorkerThreadManager|Worker thread started.
2026-06-25 23:39:56.2055|INFO|Worker20|GameData.Common.WorkerThread.WorkerThreadManager|Worker thread started.
2026-06-25 23:39:56.2055|INFO|Worker22|GameData.Common.WorkerThread.WorkerThreadManager|Worker thread started.
2026-06-25 23:39:56.2055|INFO|Worker31|GameData.Common.WorkerThread.WorkerThreadManager|Worker thread started.
2026-06-25 23:39:56.2055|INFO|Worker23|GameData.Common.WorkerThread.WorkerThreadManager|Worker thread started.
2026-06-25 23:39:56.2055|INFO|Worker24|GameData.Common.WorkerThread.WorkerThreadManager|Worker thread started.
2026-06-25 23:39:56.2055|INFO|Worker25|GameData.Common.WorkerThread.WorkerThreadManager|Worker thread started.
2026-06-25 23:39:56.2055|INFO|Worker26|GameData.Common.WorkerThread.WorkerThreadManager|Worker thread started.
2026-06-25 23:39:56.2055|INFO|Worker27|GameData.Common.WorkerThread.WorkerThreadManager|Worker thread started.
2026-06-25 23:39:56.2055|INFO|Worker28|GameData.Common.WorkerThread.WorkerThreadManager|Worker thread started.
2026-06-25 23:39:56.2055|INFO|Worker18|GameData.Common.WorkerThread.WorkerThreadManager|Worker thread started.
2026-06-25 23:39:56.2055|INFO|Worker30|GameData.Common.WorkerThread.WorkerThreadManager|Worker thread started.
2026-06-25 23:39:56.2055|INFO|ReadInterProcessMessages|GameData.GameDataBridge.GameDataBridge|ReadInterProcessMessages thread started.
2026-06-25 23:39:56.2055|INFO|WriteInterProcessMessages|GameData.GameDataBridge.GameDataBridge|WriteInterProcessMessages thread started.
2026-06-25 23:39:56.3146|INFO|Main|GameData.Steamworks.SteamManager|Verifying steam user successful! steam id 76561198177603869
2026-06-25 23:39:56.3146|INFO|Main|GameData.Program|GameData module initialized.
2026-06-25 23:39:56.3566|INFO|Main|GameData.GameDataBridge.GameDataBridge|Machine Frequency (Ticks/Second): 10000000
2026-06-25 23:40:02.9964|INFO|ReadInterProcessMessages|GameData.GameDataBridge.GameDataBridge|Incoming message: Initialize
2026-06-25 23:40:02.9997|INFO|ReadInterProcessMessages|GameData.Domains.Global.GlobalDomain|Game Version: 1.0.29, Build Date: 202606250332180611
2026-06-25 23:40:04.7301|INFO|ReadInterProcessMessages|AdaptableLog|CharacterActionPlanner initialized.
2026-06-25 23:40:04.7410|INFO|ReadInterProcessMessages|GameData.GameDataBridge.GameDataBridge|Transition: 0 -> 1
2026-06-25 23:40:04.7410|INFO|Main|GameData.Domains.Mod.ModDomain|Start loading mod 太吾迎娇(npc立绘) for GameData ...
2026-06-25 23:40:04.7491|INFO|Main|GameData.Domains.Mod.ModDomain|Start loading mod 解除婚配数量限制 for GameData ...
2026-06-25 23:40:04.7491|INFO|Main|GameData.Domains.Mod.ModDomain| - Loading plugin from NoMarriageLimit.dll
2026-06-25 23:40:04.9341|INFO|Main|AdaptableLog|[NoMarriageLimit] Initialized (enableNoMarriageLimit=True)
2026-06-25 23:40:04.9341|INFO|Main|AdaptableLog|[NoMarriageLimit] Settings updated: enableNoMarriageLimit=True
2026-06-25 23:40:04.9341|INFO|Main|GameData.Domains.Mod.ModDomain|Start loading mod 【招聘简历速览】派遣村民高亮最高属性 for GameData ...
2026-06-25 23:40:04.9341|INFO|Main|GameData.Domains.Mod.ModDomain|Start loading mod [天幕心帷]拟真自动突破加强版 for GameData ...
2026-06-25 23:40:04.9341|INFO|Main|GameData.Domains.Mod.ModDomain| - Loading plugin from AutoBreakBackend.dll
2026-06-25 23:40:04.9531|INFO|Main|AdaptableLog|Initialize 1_3467883114
2026-06-25 23:40:04.9531|INFO|Main|自动突破|PreloadOrTools 执行，依赖目录=D:\SteamLibrary\steamapps\workshop\content\838350\3467883114\Plugins
2026-06-25 23:40:04.9531|INFO|Main|自动突破|依赖 Google.Protobuf 已存在（Location=D:\SteamLibrary\steamapps\common\The Scroll Of Taiwu\Backend\Google.Protobuf.dll）
2026-06-25 23:40:04.9531|INFO|Main|自动突破|依赖 Google.OrTools 已存在（Location=<空/字节加载>）
2026-06-25 23:40:04.9531|INFO|Main|自动突破|已为 Google.OrTools 注册原生库解析器（目录=D:\SteamLibrary\steamapps\workshop\content\838350\3467883114\Plugins）
2026-06-25 23:40:04.9531|INFO|Main|自动突破|自动突破设置 forceSuccessRate100=True, allGridVisible=True, timeout=0, useExactSolver=True, speedWarmStart=True, noInjuryBreak=False
2026-06-25 23:40:05.2810|INFO|Main|自动突破|自动突破设置 forceSuccessRate100=True, allGridVisible=True, timeout=0, useExactSolver=True, speedWarmStart=True, noInjuryBreak=False
2026-06-25 23:40:05.2810|INFO|Main|GameData.Domains.Mod.ModDomain|Start loading mod 蛐蛐透视 for GameData ...
2026-06-25 23:40:05.2810|INFO|Main|GameData.Domains.Mod.ModDomain|Start loading mod 蛐蛐增强 for GameData ...
2026-06-25 23:40:05.2810|INFO|Main|GameData.Domains.Mod.ModDomain| - Loading plugin from QuQuSSR.dll
2026-06-25 23:40:05.3013|INFO|Main|GameData.Domains.Mod.ModDomain|Start loading mod [天幕心帷]更好的搜索 for GameData ...
2026-06-25 23:40:05.3013|INFO|Main|GameData.Domains.Mod.ModDomain| - Loading plugin from BetterSearchBackend.dll
2026-06-25 23:40:05.6374|INFO|Main|GameData.Domains.Mod.ModDomain|Start loading mod 出生特质无限制 for GameData ...
2026-06-25 23:40:05.6374|INFO|Main|GameData.Domains.Mod.ModDomain|Start loading mod [天幕心帷]修改武器式 for GameData ...
2026-06-25 23:40:05.6374|INFO|Main|GameData.Domains.Mod.ModDomain| - Loading plugin from CustomWeaponBackend.dll
2026-06-25 23:40:05.6410|INFO|Main|AdaptableLog|Initialize 1_3746604877
2026-06-25 23:40:05.6871|INFO|Main|AdaptableLog|OnModSettingUpdate 1_3746604877
2026-06-25 23:40:05.6871|INFO|Main|GameData.Domains.Mod.ModDomain|Start loading mod [正式版V1.0天幕心帷]自定义村民招募 for GameData ...
2026-06-25 23:40:05.6871|INFO|Main|GameData.Domains.Mod.ModDomain| - Loading plugin from CustomRecruitment.dll
2026-06-25 23:40:05.7218|INFO|Main|GameData.Domains.Mod.ModDomain|Start loading mod [完全版]取消大太阴/洗髓经童子身限定 for GameData ...
2026-06-25 23:40:05.7218|INFO|Main|GameData.Domains.Mod.ModDomain| - Loading plugin from AlwaysVirgin.dll
2026-06-25 23:40:05.7218|INFO|Main|GameData.Domains.Mod.ModDomain|Start loading mod 捏人优化框架（新） for GameData ...
2026-06-25 23:40:05.7218|INFO|Main|GameData.Domains.Mod.ModDomain|Start loading mod 猪猪编辑器 for GameData ...
2026-06-25 23:40:05.7218|INFO|Main|GameData.Domains.Mod.ModDomain| - Loading plugin from FeatureEditor.Backend.dll
2026-06-25 23:40:05.8360|INFO|Main|GameData.Domains.Mod.ModDomain|Start loading mod 自定义开局·点数无限 for GameData ...
2026-06-25 23:40:05.8360|INFO|Main|GameData.Domains.Mod.ModDomain|Start loading mod 物品无重量 for GameData ...
2026-06-25 23:40:05.8360|INFO|Main|GameData.Domains.Mod.ModDomain| - Loading plugin from ItemWeight.dll
2026-06-25 23:40:05.8485|INFO|Main|GameData.Domains.Mod.ModDomain|Start loading mod myna12548的基础mod for GameData ...
2026-06-25 23:40:05.8485|INFO|Main|GameData.Domains.Mod.ModDomain| - Loading plugin from MynahBaseModBackend.dll
2026-06-25 23:40:05.9015|INFO|Main|GameData.Domains.Mod.ModDomain|Start loading mod ~更多信息 v3.43~ for GameData ...
2026-06-25 23:40:05.9015|INFO|Main|GameData.Domains.Mod.ModDomain| - Loading plugin from MynahMoreInfoBackend.dll
2026-06-25 23:40:05.9070|INFO|Main|GameData.Domains.Mod.ModDomain|Start loading mod [天幕心帷]自动战斗策略 for GameData ...
2026-06-25 23:40:05.9070|INFO|Main|GameData.Domains.Mod.ModDomain| - Loading plugin from AutoCombatBackend.dll
2026-06-25 23:40:05.9070|INFO|Main|AdaptableLog|Initialize 1_3741592756
2026-06-25 23:40:06.0345|INFO|Main|AdaptableLog|OnModSettingUpdate 1_3741592756
2026-06-25 23:40:06.0345|INFO|Main|GameData.Domains.Mod.ModDomain|Start loading mod 【天幕心帷】功法一格 for GameData ...
2026-06-25 23:40:06.0345|INFO|Main|GameData.Domains.Mod.ModDomain| - Loading plugin from SkillOneGrid.dll
2026-06-25 23:40:06.0345|INFO|Main|GameData.Domains.Mod.ModDomain|Start loading mod 璇女峰拯救计划 for GameData ...
2026-06-25 23:40:06.0345|INFO|Main|GameData.Domains.Mod.ModDomain| - Loading plugin from XuanNvMemberUpgrade.dll
2026-06-25 23:40:06.0510|INFO|Main|GameData.Domains.Mod.ModDomain|Start loading mod 【天幕心帷】激昂元鸡 for GameData ...
2026-06-25 23:40:06.0510|INFO|Main|GameData.Domains.Mod.ModDomain| - Loading plugin from BigCheckenCoop.dll
2026-06-25 23:40:06.0510|INFO|Main|GameData.Domains.Mod.ModDomain| - Loading plugin from HyperactivityChicken.dll
2026-06-25 23:40:06.0662|INFO|Main|GameData.Domains.Mod.ModDomain|Start loading mod 天人道修改 for GameData ...
2026-06-25 23:40:06.0662|INFO|Main|GameData.Domains.Mod.ModDomain| - Loading plugin from SamsaraMod.dll
2026-06-25 23:40:06.0815|INFO|Main|GameData.Domains.Mod.ModDomain|Start loading mod 食物加强 for GameData ...
2026-06-25 23:40:06.0815|INFO|Main|GameData.Domains.Mod.ModDomain| - Loading plugin from FoodEnhance.dll
2026-06-25 23:40:06.0815|INFO|Main|GameData.Domains.Mod.ModDomain|Start loading mod 具体春宵（重置版） for GameData ...
2026-06-25 23:40:06.0815|INFO|Main|GameData.Domains.Mod.ModDomain| - Loading plugin from JTCX.Backend.dll
2026-06-25 23:40:06.2899|INFO|Main|GameData.Domains.Mod.ModDomain|Start loading mod 不易变老/长生不老 for GameData ...
2026-06-25 23:40:06.2899|INFO|Main|GameData.Domains.Mod.ModDomain| - Loading plugin from MoreYoung.dll
2026-06-25 23:40:06.2987|INFO|Main|GameData.Domains.Mod.ModDomain|Start loading mod 无忧传剑 for GameData ...
2026-06-25 23:40:06.2987|INFO|Main|GameData.Domains.Mod.ModDomain| - Loading plugin from TransferTaiwuMod.dll
2026-06-25 23:40:06.3331|INFO|Main|GameData.Domains.Mod.ModDomain|Start loading mod 太祖绘卷(UI,商人,制造,筛选,操作,仓库优化) for GameData ...
2026-06-25 23:40:06.3331|INFO|Main|GameData.Domains.Mod.ModDomain| - Loading plugin from Back/BetterTaiwuScrollBackend.dll
2026-06-25 23:40:06.3331|INFO|Main|GameData.Domains.Mod.ModDomain|Start loading mod [天幕心帷]过月性能优化 for GameData ...
2026-06-25 23:40:06.3331|INFO|Main|GameData.Domains.Mod.ModDomain| - Loading plugin from TaiwuOptimization.dll
2026-06-25 23:40:06.4762|INFO|Main|AdaptableLog|AiNodeFactory.Register on GameData, Version=1.0.0.0, Culture=neutral, PublicKeyToken=null added 4 types
2026-06-25 23:40:06.4762|INFO|Main|AdaptableLog|AiActionFactory.Register on GameData, Version=1.0.0.0, Culture=neutral, PublicKeyToken=null added 67 types
2026-06-25 23:40:06.4762|INFO|Main|AdaptableLog|AiConditionFactory.Register on GameData, Version=1.0.0.0, Culture=neutral, PublicKeyToken=null added 127 types
2026-06-25 23:40:13.4533|WARN|Main|AdaptableLog|Duplicate event 8327f785-a687-4e1e-9292-bd91f388852f detected.
2026-06-25 23:40:14.0098|INFO|Main|AdaptableLog|ConchShip events init complete,can load mod events now
2026-06-25 23:40:14.0098|INFO|Main|GameData.DLC.DlcManager|Start loading Dlc Events:
2026-06-25 23:40:14.0098|INFO|Main|GameData.DLC.DlcManager|DLC: 3464590_1, Path: D:/SteamLibrary/steamapps/common/The Scroll Of Taiwu/The Scroll of Taiwu_Data/YearOfSnakeCloth\1.0.0.0\Events
2026-06-25 23:40:14.0175|INFO|Main|GameData.DLC.DlcManager|DLC: 4528730_90194313217, Path: D:/SteamLibrary/steamapps/common/The Scroll Of Taiwu/The Scroll of Taiwu_Data/CricketPolymorph\1.0.21\Events
2026-06-25 23:40:14.0175|INFO|Main|GameData.DLC.DlcManager|DLC: 2764960_1, Path: D:/SteamLibrary/steamapps/common/The Scroll Of Taiwu/The Scroll of Taiwu_Data/HappyNewYear2024\1.0.0.0\Events
2026-06-25 23:40:14.0318|INFO|Main|GameData.DLC.DlcManager|DLC: 2764950_4294967297, Path: D:/SteamLibrary/steamapps/common/The Scroll Of Taiwu/The Scroll of Taiwu_Data/FiveLoong\1.0.1.0\Events
2026-06-25 23:40:14.1302|INFO|Main|GameData.DLC.DlcManager|DLC: 2172690_1, Path: D:/SteamLibrary/steamapps/common/The Scroll Of Taiwu/The Scroll of Taiwu_Data/GiftFromConchShip2\1.0.0.0\Events
2026-06-25 23:40:14.1302|INFO|Main|GameData.DLC.DlcManager|DLC: 2241120_1, Path: D:/SteamLibrary/steamapps/common/The Scroll Of Taiwu/The Scroll of Taiwu_Data/GiftFromConchShip1\1.0.0.0\Events
2026-06-25 23:40:14.1425|INFO|Main|GameData.DLC.DlcManager|DLC: 4395170_1, Path: D:/SteamLibrary/steamapps/common/The Scroll Of Taiwu/The Scroll of Taiwu_Data/HappyNewYear2026\1.0.0.0\Events
2026-06-25 23:40:14.1425|INFO|Main|GameData.DLC.DlcManager|DLC: 4834450_287768313856, Path: D:/SteamLibrary/steamapps/common/The Scroll Of Taiwu/The Scroll of Taiwu_Data/GreenHillsRemain\0.84.67.0\Events
2026-06-25 23:40:14.1425|INFO|Main|GameData.DLC.DlcManager|DLC: 4834440_287768313856, Path: D:/SteamLibrary/steamapps/common/The Scroll Of Taiwu/The Scroll of Taiwu_Data/EightYears\0.84.67.0\Events
2026-06-25 23:40:14.1584|INFO|Main|GameData.Domains.Mod.ModDomain| - Loading events from Taiwu_EventPackage_jutichunxiao.dll
2026-06-25 23:40:14.2345|INFO|Main|GameData.GameDataBridge.GameDataBridge|Transition: 1 -> 2
2026-06-25 23:40:14.2345|INFO|Main|AdaptableLog|CallMethod Load Config
2026-06-25 23:40:14.2497|INFO|WriteInterProcessMessages|GameData.GameDataBridge.GameDataBridge|Outgoing message: GameModuleInitialized
2026-06-25 23:40:14.2497|INFO|WriteInterProcessMessages|GameData.GameDataBridge.GameDataBridge|Transition: 2 -> 3
2026-06-25 23:40:14.2663|INFO|Main|AdaptableLog|CallMethod Load Config
2026-06-25 23:40:14.3878|INFO|Main|GameData.Domains.Global.GlobalDomain|Game Version: 1.0.29, Build Date: 202606250332180611
2026-06-25 23:40:35.0861|INFO|Main|GameData.Domains.World.WorldDomain|Unlocking world function: 19
2026-06-25 23:40:35.0861|INFO|Main|GameData.Domains.World.WorldDomain|Unlocking world function: 20
2026-06-25 23:40:35.0861|INFO|Main|GameData.Domains.World.WorldDomain|Unlocking world function: 17
2026-06-25 23:40:35.0861|INFO|Main|GameData.Domains.World.WorldDomain|EnterNewWorld: 1512497495
2026-06-25 23:40:35.0998|INFO|Main|AdaptableLog|OnEnterNewWorld
2026-06-25 23:40:35.0998|INFO|Main|AdaptableLog|OnEnterNewWorld
2026-06-25 23:40:50.1065|INFO|Main|AdaptableLog|Generating Sword Tomb Location: 20, 16
2026-06-25 23:40:50.1065|INFO|Main|AdaptableLog|Generating Sword Tomb Location: 18, 27
2026-06-25 23:40:50.1065|INFO|Main|AdaptableLog|Generating Sword Tomb Location: 22, 23
2026-06-25 23:40:50.1065|INFO|Main|AdaptableLog|Generating Sword Tomb Location: 14, 14
2026-06-25 23:40:50.1065|INFO|Main|AdaptableLog|Generating Sword Tomb Location: 10, 18
2026-06-25 23:40:50.1065|INFO|Main|AdaptableLog|Generating Sword Tomb Location: 18, 9
2026-06-25 23:40:50.1065|INFO|Main|AdaptableLog|Generating Sword Tomb Location: 27, 18
2026-06-25 23:40:50.1065|INFO|Main|AdaptableLog|Generating Sword Tomb Location: 13, 22
2026-06-25 23:40:53.4379|INFO|Main|GameData.Domains.World.WorldDomain|Currrent Population / World Standard Population: 5957/5957, Probability Adjustment of Creating Character: 100%
2026-06-25 23:40:53.4379|INFO|Main|GameData.Domains.Map.MapDomain|CreateNormalAreas: 4,011.8
2026-06-25 23:40:53.4379|INFO|Main|GameData.Domains.Map.MapDomain|CreateSettlements: 3,878.6
2026-06-25 23:40:53.4379|INFO|Main|GameData.Domains.Map.MapDomain|InitializeAreaTravelRoutes: 348.5
2026-06-25 23:40:53.4379|INFO|Main|GameData.Domains.Map.MapDomain|InitializeBrokenAreaEnemies: 7.4
2026-06-25 23:40:58.1657|WARN|Main|AdaptableLog|[Random]: Switching to a new random source before the previous one was restored.
2026-06-25 23:40:58.8526|INFO|Main|GameData.Domains.Global.GlobalDomain|CreatePickups.Generate: 687.0
2026-06-25 23:40:58.8526|INFO|Main|GameData.Domains.Global.GlobalDomain|CreatePickups.Save: 1.5
2026-06-25 23:40:58.8595|INFO|Main|GameData.Domains.Global.GlobalDomain|CreatePickups: 693.9
2026-06-25 23:40:58.8595|INFO|Main|GameData.Domains.Global.GlobalDomain|CreatePickups: 694.5
2026-06-25 23:40:58.8595|INFO|Main|GameData.Domains.Global.GlobalDomain|CreateWorld: 11,041.6
2026-06-25 23:40:58.9051|INFO|Main|GameData.Domains.Taiwu.TaiwuDomain|Recording owned clothing: 山野竖褐
2026-06-25 23:40:58.9517|INFO|Main|GameData.Domains.Global.GlobalDomain|Required Space: 1073741824 bytes.
Available Space: 1409362808832
2026-06-25 23:40:59.4990|INFO|Main|GameData.Domains.Global.GlobalDomain|SaveWorld: 545.6
2026-06-25 23:41:01.2565|INFO|Main|AdaptableLog|new Event triggered : 71299605-65e4-4f30-9c57-83aec3976a76, _triggeredEventList.Count = 1
2026-06-25 23:41:01.2565|INFO|Main|AdaptableLog|new Event triggered : efe7bcff-9473-4642-8fcb-926b515fadfb, _triggeredEventList.Count = 2
2026-06-25 23:41:01.2565|INFO|Main|AdaptableLog|new Event triggered : f6b9c251-40ee-4d2c-b6eb-ed5d773cc280, _triggeredEventList.Count = 3
2026-06-25 23:41:01.2565|INFO|Main|AdaptableLog|new Event triggered : dfbd3ae5-d3cb-41a7-b173-dba659030a53, _triggeredEventList.Count = 4
2026-06-25 23:41:01.2565|INFO|Main|AdaptableLog|new Event triggered : 47b16801-a628-466a-92a3-1340ebd855f3, _triggeredEventList.Count = 5
2026-06-25 23:41:01.2565|INFO|Main|AdaptableLog|new Event triggered : 01f62c25-6b53-4f2d-b8bf-17bc85de1ffe, _triggeredEventList.Count = 6
2026-06-25 23:41:01.2565|INFO|Main|AdaptableLog|new Event triggered : a930d7f8-2aa7-4ba1-9dac-c739e6e0d588, _triggeredEventList.Count = 7
2026-06-25 23:41:01.2565|INFO|Main|AdaptableLog|new Event triggered : ffb3be21-ac9d-4bee-9416-6d9ce36c2bf5, _triggeredEventList.Count = 8
2026-06-25 23:41:01.2565|INFO|Main|AdaptableLog|new Event triggered : 45b767f3-3d09-4502-bc94-6492c69c2e30, _triggeredEventList.Count = 9
2026-06-25 23:41:01.2565|INFO|Main|AdaptableLog|new Event triggered : 48988c0c-1507-405f-bd84-b694ca524728, _triggeredEventList.Count = 10
2026-06-25 23:41:01.2565|INFO|Main|AdaptableLog|new Event triggered : 784bc662-1b0d-4635-974b-795c85a9b6cd, _triggeredEventList.Count = 11
2026-06-25 23:41:01.2565|INFO|Main|AdaptableLog|new Event triggered : 479cab4a-177c-4eab-8ff3-eb355a816a49, _triggeredEventList.Count = 12
2026-06-25 23:41:01.2565|INFO|Main|AdaptableLog|new Event triggered : bfb51350-2d44-4cb5-a962-a9d39f3b7813, _triggeredEventList.Count = 13
2026-06-25 23:41:01.2565|INFO|Main|AdaptableLog|new Event triggered : 5e1562f8-4ce6-44e8-9c64-88250bcf706a, _triggeredEventList.Count = 14
2026-06-25 23:41:01.2565|INFO|Main|AdaptableLog|new Event triggered : 26b3114d-e501-4494-9b43-5c9a18ec6fbd, _triggeredEventList.Count = 15
2026-06-25 23:41:01.2565|INFO|Main|AdaptableLog|new Event triggered : 4387ea59-e4b6-4253-a597-0626bc2dbe57, _triggeredEventList.Count = 16
2026-06-25 23:41:01.2565|INFO|Main|AdaptableLog|new Event triggered : cfce0d18-d248-453a-bb0c-c99e35fa7eee, _triggeredEventList.Count = 17
2026-06-25 23:41:01.2565|INFO|Main|AdaptableLog|new Event triggered : 6c74677a-b6a8-4e73-a360-0482714758c2, _triggeredEventList.Count = 18
2026-06-25 23:41:01.2565|INFO|Main|AdaptableLog|new Event triggered : f73b8df1-5006-4369-8646-e55f6b4e6b91, _triggeredEventList.Count = 19
2026-06-25 23:41:01.2565|INFO|Main|AdaptableLog|new Event triggered : d76d1356-5005-40cf-84a3-af4ecc0794be, _triggeredEventList.Count = 20
2026-06-25 23:41:01.2565|INFO|Main|AdaptableLog|new Event triggered : 08021ce5-d120-422e-88ed-e642360438c7, _triggeredEventList.Count = 21
2026-06-25 23:41:01.2565|INFO|Main|AdaptableLog|new Event triggered : 65ce1528-da27-4ae8-a393-b8727970b8ad, _triggeredEventList.Count = 22
2026-06-25 23:41:01.2565|INFO|Main|AdaptableLog|new Event triggered : 27492a80-0dae-40d1-9854-fc2593f01980, _triggeredEventList.Count = 23
2026-06-25 23:41:01.2565|INFO|Main|AdaptableLog|new Event triggered : 768c8640-3845-4f35-bc35-21824189cdbf, _triggeredEventList.Count = 24
2026-06-25 23:41:01.2565|INFO|Main|AdaptableLog|new Event triggered : 97d86bd8-61e1-4fb2-bcfa-8f3674e13b88, _triggeredEventList.Count = 25
2026-06-25 23:41:01.2565|INFO|Main|AdaptableLog|new Event triggered : a48b5771-4629-44fd-b816-8f9ba7707b97, _triggeredEventList.Count = 26
2026-06-25 23:41:01.2565|INFO|Main|AdaptableLog|new Event triggered : 5de04bdc-3947-4db6-b2cb-f990b26ed6f4, _triggeredEventList.Count = 27
2026-06-25 23:41:01.2565|INFO|Main|AdaptableLog|new Event triggered : de53aedc-cb90-4c28-913f-43effff06ac6, _triggeredEventList.Count = 28
2026-06-25 23:41:01.2565|INFO|Main|AdaptableLog|new Event triggered : 1412d1b2-3b80-43f2-ba8a-e4a1eaf6dd99, _triggeredEventList.Count = 29
2026-06-25 23:41:01.2565|INFO|Main|AdaptableLog|new Event triggered : f6c1339f-b90e-4c58-8639-26ff79191e97, _triggeredEventList.Count = 30
2026-06-25 23:41:01.2565|INFO|Main|AdaptableLog|new Event triggered : 4cb982fb-fccd-4564-9267-6f4df8507a76, _triggeredEventList.Count = 31
2026-06-25 23:41:01.2565|INFO|Main|AdaptableLog|new Event triggered : 9fc6207e-dd11-4c40-99df-a8a3e5c59a54, _triggeredEventList.Count = 32
2026-06-25 23:41:01.2565|INFO|Main|AdaptableLog|new Event triggered : 01aff125-4f66-4c38-9fb2-33870cdfe846, _triggeredEventList.Count = 33
2026-06-25 23:41:01.2565|INFO|Main|AdaptableLog|new Event triggered : 3782a2bb-6c5a-4331-bb40-048a8b392c8f, _triggeredEventList.Count = 34
2026-06-25 23:41:01.2565|INFO|Main|AdaptableLog|new Event triggered : 6719c936-74b0-4b70-ba84-a45e64e66e4d, _triggeredEventList.Count = 35
2026-06-25 23:41:01.2565|INFO|Main|AdaptableLog|new Event triggered : ea5b8a77-9015-42f5-9323-72496f35bea7, _triggeredEventList.Count = 36
2026-06-25 23:41:01.2565|INFO|Main|AdaptableLog|new Event triggered : 78f7d7fc-8c19-49f7-a380-c211c49d8cb7, _triggeredEventList.Count = 37
2026-06-25 23:41:01.2565|INFO|Main|AdaptableLog|new Event triggered : f30b9925-12ed-4d62-b21b-e6d8e7ecaae8, _triggeredEventList.Count = 38
2026-06-25 23:41:01.2644|INFO|Main|AdaptableLog|new Event triggered : 50fbbc23-ad40-4de3-882c-d638f24c87f8, _triggeredEventList.Count = 39
2026-06-25 23:41:01.2644|INFO|Main|AdaptableLog|new Event triggered : 8bb5b4b3-c498-4609-a89f-fcd2860c16e3, _triggeredEventList.Count = 40
2026-06-25 23:41:01.2644|INFO|Main|AdaptableLog|new Event triggered : c07d2f7a-c25a-42eb-976e-9a0b43f74e3b, _triggeredEventList.Count = 41
2026-06-25 23:41:01.2644|INFO|Main|AdaptableLog|new Event triggered : 942deff8-49fd-497b-9fbd-8567dede8dc6, _triggeredEventList.Count = 42
2026-06-25 23:41:01.2644|INFO|Main|AdaptableLog|new Event triggered : f02a649c-fdf3-4160-85bc-840f8410d69d, _triggeredEventList.Count = 43
2026-06-25 23:41:01.2644|INFO|Main|AdaptableLog|new Event triggered : e864306a-d431-481a-99fc-8216df16532a, _triggeredEventList.Count = 44
2026-06-25 23:41:01.2644|INFO|Main|AdaptableLog|new Event triggered : 6baee519-6108-4f0f-a44d-bbd4a6d65a02, _triggeredEventList.Count = 45
2026-06-25 23:41:01.2644|INFO|Main|AdaptableLog|new Event triggered : 42b7b9de-2b93-4495-b475-6a8ef66d3fb8, _triggeredEventList.Count = 46
2026-06-25 23:41:01.4306|INFO|Main|AdaptableLog|71299605-65e4-4f30-9c57-83aec3976a76 to event => 
2026-06-25 23:41:01.4306|INFO|Main|AdaptableLog|efe7bcff-9473-4642-8fcb-926b515fadfb to event => 
2026-06-25 23:41:01.4306|INFO|Main|AdaptableLog|f6b9c251-40ee-4d2c-b6eb-ed5d773cc280 to event => 
2026-06-25 23:41:01.4306|INFO|Main|AdaptableLog|dfbd3ae5-d3cb-41a7-b173-dba659030a53 to event => 
2026-06-25 23:41:01.4306|INFO|Main|AdaptableLog|47b16801-a628-466a-92a3-1340ebd855f3 to event => 
2026-06-25 23:41:01.4306|INFO|Main|AdaptableLog|01f62c25-6b53-4f2d-b8bf-17bc85de1ffe to event => 
2026-06-25 23:41:01.4306|INFO|Main|AdaptableLog|a930d7f8-2aa7-4ba1-9dac-c739e6e0d588 to event => 
2026-06-25 23:41:01.4306|INFO|Main|AdaptableLog|ffb3be21-ac9d-4bee-9416-6d9ce36c2bf5 to event => 
2026-06-25 23:41:01.4306|INFO|Main|AdaptableLog|45b767f3-3d09-4502-bc94-6492c69c2e30 to event => 
2026-06-25 23:41:01.4306|INFO|Main|AdaptableLog|48988c0c-1507-405f-bd84-b694ca524728 to event => 
2026-06-25 23:41:01.4306|INFO|Main|AdaptableLog|784bc662-1b0d-4635-974b-795c85a9b6cd to event => 
2026-06-25 23:41:01.4306|INFO|Main|AdaptableLog|479cab4a-177c-4eab-8ff3-eb355a816a49 to event => 
2026-06-25 23:41:01.4306|INFO|Main|AdaptableLog|bfb51350-2d44-4cb5-a962-a9d39f3b7813 to event => 
2026-06-25 23:41:01.4306|INFO|Main|AdaptableLog|5e1562f8-4ce6-44e8-9c64-88250bcf706a to event => 
2026-06-25 23:41:01.4306|INFO|Main|AdaptableLog|4387ea59-e4b6-4253-a597-0626bc2dbe57 to event => 
2026-06-25 23:41:01.4306|INFO|Main|AdaptableLog|cfce0d18-d248-453a-bb0c-c99e35fa7eee to event => 
2026-06-25 23:41:01.4306|INFO|Main|AdaptableLog|6c74677a-b6a8-4e73-a360-0482714758c2 to event => 
2026-06-25 23:41:01.4306|INFO|Main|AdaptableLog|f73b8df1-5006-4369-8646-e55f6b4e6b91 to event => 
2026-06-25 23:41:01.4306|INFO|Main|AdaptableLog|d76d1356-5005-40cf-84a3-af4ecc0794be to event => 
2026-06-25 23:41:01.4306|INFO|Main|AdaptableLog|08021ce5-d120-422e-88ed-e642360438c7 to event => 
2026-06-25 23:41:01.4306|INFO|Main|AdaptableLog|65ce1528-da27-4ae8-a393-b8727970b8ad to event => 
2026-06-25 23:41:01.4306|INFO|Main|AdaptableLog|27492a80-0dae-40d1-9854-fc2593f01980 to event => 
2026-06-25 23:41:01.4306|INFO|Main|AdaptableLog|768c8640-3845-4f35-bc35-21824189cdbf to event => 
2026-06-25 23:41:01.4306|INFO|Main|AdaptableLog|97d86bd8-61e1-4fb2-bcfa-8f3674e13b88 to event => 
2026-06-25 23:41:01.4306|INFO|Main|AdaptableLog|a48b5771-4629-44fd-b816-8f9ba7707b97 to event => 
2026-06-25 23:41:01.4306|INFO|Main|AdaptableLog|5de04bdc-3947-4db6-b2cb-f990b26ed6f4 to event => 
2026-06-25 23:41:01.4306|INFO|Main|AdaptableLog|de53aedc-cb90-4c28-913f-43effff06ac6 to event => 
2026-06-25 23:41:01.4306|INFO|Main|AdaptableLog|1412d1b2-3b80-43f2-ba8a-e4a1eaf6dd99 to event => 
2026-06-25 23:41:01.4306|INFO|Main|AdaptableLog|f6c1339f-b90e-4c58-8639-26ff79191e97 to event => 
2026-06-25 23:41:01.4306|INFO|Main|AdaptableLog|4cb982fb-fccd-4564-9267-6f4df8507a76 to event => 
2026-06-25 23:41:01.4306|INFO|Main|AdaptableLog|9fc6207e-dd11-4c40-99df-a8a3e5c59a54 to event => 
2026-06-25 23:41:01.4363|INFO|Main|AdaptableLog|01aff125-4f66-4c38-9fb2-33870cdfe846 to event => 
2026-06-25 23:41:01.4363|INFO|Main|AdaptableLog|3782a2bb-6c5a-4331-bb40-048a8b392c8f to event => 
2026-06-25 23:41:01.4363|INFO|Main|AdaptableLog|6719c936-74b0-4b70-ba84-a45e64e66e4d to event => 
2026-06-25 23:41:01.4363|INFO|Main|AdaptableLog|ea5b8a77-9015-42f5-9323-72496f35bea7 to event => 
2026-06-25 23:41:01.4363|INFO|Main|AdaptableLog|78f7d7fc-8c19-49f7-a380-c211c49d8cb7 to event => 
2026-06-25 23:41:01.4363|INFO|Main|AdaptableLog|f30b9925-12ed-4d62-b21b-e6d8e7ecaae8 to event => 
2026-06-25 23:41:01.4363|INFO|Main|AdaptableLog|50fbbc23-ad40-4de3-882c-d638f24c87f8 to event => 
2026-06-25 23:41:01.4363|INFO|Main|AdaptableLog|8bb5b4b3-c498-4609-a89f-fcd2860c16e3 to event => 
2026-06-25 23:41:01.4363|INFO|Main|AdaptableLog|c07d2f7a-c25a-42eb-976e-9a0b43f74e3b to event => 
2026-06-25 23:41:01.4363|INFO|Main|AdaptableLog|942deff8-49fd-497b-9fbd-8567dede8dc6 to event => 
2026-06-25 23:41:01.4363|INFO|Main|AdaptableLog|f02a649c-fdf3-4160-85bc-840f8410d69d to event => 
2026-06-25 23:41:01.4363|INFO|Main|AdaptableLog|e864306a-d431-481a-99fc-8216df16532a to event => 
2026-06-25 23:41:01.4363|INFO|Main|AdaptableLog|6baee519-6108-4f0f-a44d-bbd4a6d65a02 to event => 
2026-06-25 23:41:01.4363|INFO|Main|AdaptableLog|42b7b9de-2b93-4495-b475-6a8ef66d3fb8 to event => 
2026-06-25 23:41:30.8248|INFO|Main|AdaptableLog|select option to next Event: 8ae7e2a0-709b-4ae4-b2b1-df8bad76b6e9
2026-06-25 23:41:35.7597|INFO|Main|AdaptableLog|select option to next Event: b8617379-19bb-49e5-853c-ca59188ccf30
2026-06-25 23:41:36.1591|INFO|Main|AdaptableLog|select option to next Event: 0a53238c-204f-4b4b-ad57-722f85c9232a
2026-06-25 23:41:36.5431|INFO|Main|AdaptableLog|select option to next Event: 0f68fc9d-cceb-423d-ae56-f5c4bce0b304
2026-06-25 23:41:36.8931|INFO|Main|AdaptableLog|select option to next Event: 402394ac-98bd-4e8e-aa97-61ebb3736849
2026-06-25 23:41:37.2264|INFO|Main|AdaptableLog|select option to next Event: c34dad8d-db63-4ee6-b753-78884fe74809
2026-06-25 23:41:37.5936|INFO|Main|AdaptableLog|select option to next Event: 7fc80fbb-844c-4326-964c-9c34114d1058
2026-06-25 23:41:38.4431|INFO|Main|AdaptableLog|select option to next Event: 8b7a6610-a30b-49c4-8e30-11326894b7ef
2026-06-25 23:41:38.5931|INFO|Main|AdaptableLog|select option to next Event: 05eebbdc-57fc-4cc3-98d4-f242f1885cbf
2026-06-25 23:41:38.7278|INFO|Main|AdaptableLog|select option to next Event: 46c4ffe3-bfb6-456e-b9b0-a75f385549ab
2026-06-25 23:41:38.8615|INFO|Main|AdaptableLog|无门无派无-璧鸢(7741) changed equipped items.
2026-06-25 23:41:38.8615|INFO|Main|AdaptableLog|无门无派无-璧鸢(7741) changed generic skill slot allocation.
2026-06-25 23:41:38.8615|INFO|Main|AdaptableLog|无门无派无-璧鸢(7741) changed equipped skills.
2026-06-25 23:41:38.8615|INFO|Main|AdaptableLog|select option to next Event: 5b3c131b-fd7f-4ec4-a601-db01a6556bad
2026-06-25 23:41:39.7791|INFO|Main|AdaptableLog|97e27b97-e795-4d09-92b2-1075cd3d1317 to event => 
2026-06-25 23:41:41.5618|INFO|Main|AdaptableLog|55c179d2-ed4d-4919-9e46-b2e70eb9a26f to event => 
2026-06-25 23:41:42.0615|INFO|Main|GameData.Domains.Map.MapDomain|Move to 169
2026-06-25 23:41:42.6123|INFO|Main|AdaptableLog|new Event triggered : 101971f0-0261-4007-962d-aeef44d80060, _triggeredEventList.Count = 1
2026-06-25 23:41:42.6123|INFO|Main|AdaptableLog|new Event triggered : 7ed29881-f8e6-4956-b49d-f6716ea8b72a, _triggeredEventList.Count = 2
2026-06-25 23:41:42.6123|INFO|Main|AdaptableLog|101971f0-0261-4007-962d-aeef44d80060 to event => 
2026-06-25 23:41:43.2798|INFO|Main|AdaptableLog|select option to next Event: 81065413-f37a-4abe-bcd7-15ed6aed1cb6
2026-06-25 23:41:43.7798|INFO|Main|AdaptableLog|select option to next Event: f48d4f96-3490-45b2-be05-a7a6e7c5121d
2026-06-25 23:41:44.0132|INFO|Main|AdaptableLog|select option to next Event: 00dbd36b-f5aa-48db-9652-f384626643f0
2026-06-25 23:41:44.5133|INFO|Main|AdaptableLog|select option to next Event: 57f5b183-744c-4182-a243-1a4e3b69a663
2026-06-25 23:41:46.4131|INFO|Main|GameData.Domains.Map.MapDomain|Move to 149
2026-06-25 23:41:46.9464|INFO|Main|AdaptableLog|new Event triggered : 101971f0-0261-4007-962d-aeef44d80060, _triggeredEventList.Count = 1
2026-06-25 23:41:46.9464|INFO|Main|AdaptableLog|101971f0-0261-4007-962d-aeef44d80060 to event => 
2026-06-25 23:41:47.3308|INFO|Main|GameData.Domains.Map.MapDomain|Move to 169
2026-06-25 23:41:47.8475|INFO|Main|AdaptableLog|new Event triggered : 101971f0-0261-4007-962d-aeef44d80060, _triggeredEventList.Count = 1
2026-06-25 23:41:47.8475|INFO|Main|AdaptableLog|101971f0-0261-4007-962d-aeef44d80060 to event => 
2026-06-25 23:41:47.8808|INFO|Main|GameData.Domains.Map.MapDomain|Move to 168
2026-06-25 23:41:48.4146|INFO|Main|AdaptableLog|new Event triggered : 101971f0-0261-4007-962d-aeef44d80060, _triggeredEventList.Count = 1
2026-06-25 23:41:48.4146|INFO|Main|AdaptableLog|101971f0-0261-4007-962d-aeef44d80060 to event => 
2026-06-25 23:41:48.7308|INFO|Main|GameData.Domains.Map.MapDomain|Move to 167
2026-06-25 23:41:49.2475|INFO|Main|AdaptableLog|new Event triggered : 101971f0-0261-4007-962d-aeef44d80060, _triggeredEventList.Count = 1
2026-06-25 23:41:49.2475|INFO|Main|AdaptableLog|101971f0-0261-4007-962d-aeef44d80060 to event => 
2026-06-25 23:41:49.4982|INFO|Main|GameData.Domains.Map.MapDomain|Move to 166
2026-06-25 23:41:50.0316|INFO|Main|AdaptableLog|new Event triggered : 101971f0-0261-4007-962d-aeef44d80060, _triggeredEventList.Count = 1
2026-06-25 23:41:50.0316|INFO|Main|AdaptableLog|101971f0-0261-4007-962d-aeef44d80060 to event => 
2026-06-25 23:41:52.6491|INFO|Main|GameData.Domains.Global.GlobalDomain|Required Space: 1073741824 bytes.
Available Space: 1409356369920
2026-06-25 23:41:52.6825|INFO|Main|GameData.Domains.World.WorldDomain|AdvanceMonth: begin ------------------------------------------------------------
2026-06-25 23:41:52.6825|INFO|Main|GameData.Domains.Character.CharacterDomain|Removing all temporary enemies with a total count of 7
2026-06-25 23:41:52.6939|INFO|Main|GameData.Domains.Global.GlobalDomain|Required Space: 1073741824 bytes.
Available Space: 1409356369920
2026-06-25 23:41:52.6939|INFO|Main|GameData.Domains.World.WorldDomain|New month begin: Year 1, Month 9 (8)
2026-06-25 23:41:52.7034|INFO|Main|GameData.Domains.Global.GlobalDomain|[AdvanceMonth_Execute] PreAdvanceMonth: 6.5
2026-06-25 23:41:53.0081|INFO|Main|GameData.Domains.Global.GlobalDomain|[AdvanceMonth_Execute] UpdateStatus: 302.3
2026-06-25 23:41:53.0656|INFO|Main|GameData.Domains.Global.GlobalDomain|[AdvanceMonth_Execute] SelfImprovement: 55.7
2026-06-25 23:41:53.0816|INFO|Main|GameData.Domains.Global.GlobalDomain|[AdvanceMonth_Execute] CharacterPreparation: 15.8
2026-06-25 23:41:53.2148|INFO|Main|GameData.Domains.Character.CharacterDomain|[DistantMarriage] PassConditionCount=2334, PassSuccessRateCheckCount=84, FoundTargetCount=75
2026-06-25 23:41:53.2557|INFO|Main|GameData.Domains.Character.CharacterDomain|Adore Relations In Marriage: 258/269
2026-06-25 23:41:53.2557|INFO|Main|GameData.Domains.Global.GlobalDomain|[AdvanceMonth_Execute] CharacterRelationsUpdate: 174.9
2026-06-25 23:41:53.2655|INFO|Main|GameData.Domains.Global.GlobalDomain|[AdvanceMonth_Execute] CharacterActionPlanning: 8.6
2026-06-25 23:41:53.2655|INFO|Main|GameData.Domains.Global.GlobalDomain|[AdvanceMonth_Execute] CharacterFixedAction: 0.0
2026-06-25 23:41:55.0814|INFO|Main|GameData.Domains.Global.GlobalDomain|[AdvanceMonth_Execute] UpdateInformation: 1,815.1
2026-06-25 23:41:55.1010|INFO|Main|GameData.Domains.Global.GlobalDomain|[AdvanceMonth_Execute] UpdateInfectedCharacters: 0.2
2026-06-25 23:41:55.1181|INFO|Main|GameData.Domains.Global.GlobalDomain|[AdvanceMonth_Execute] UpdateCharacterMovements: 17.0
2026-06-25 23:41:55.1505|INFO|Main|AdaptableLog|[RecruitOrCreateLackingMembers]: Recruited Count for 少林派, grade 0: 1
2026-06-25 23:41:55.1595|INFO|Main|AdaptableLog|[RecruitOrCreateLackingMembers]: Recruited Count for 武当派, grade 0: 1
2026-06-25 23:41:55.1595|INFO|Main|AdaptableLog|[RecruitOrCreateLackingMembers]: Recruited Count for 狮相门, grade 7: 2
2026-06-25 23:41:55.1595|INFO|Main|AdaptableLog|[RecruitOrCreateLackingMembers]: Recruited Count for 狮相门, grade 5: 2
2026-06-25 23:41:55.1716|INFO|Main|AdaptableLog|[RecruitOrCreateLackingMembers]: Recruited Count for 狮相门, grade 4: 2
2026-06-25 23:41:55.1716|INFO|Main|AdaptableLog|[RecruitOrCreateLackingMembers]: Recruited Count for 五仙教, grade 7: 2
2026-06-25 23:41:55.1863|INFO|Main|AdaptableLog|[RecruitOrCreateLackingMembers]: Recruited Count for 五仙教, grade 6: 2
2026-06-25 23:41:55.2195|INFO|Main|AdaptableLog|[RecruitOrCreateLackingMembers]: Recruited Count for 伏龙坛, grade 7: 2
2026-06-25 23:41:55.2195|INFO|Main|AdaptableLog|[RecruitOrCreateLackingMembers]: Recruited Count for 血犼教, grade 7: 2
2026-06-25 23:41:55.2195|INFO|Main|AdaptableLog|[RecruitOrCreateLackingMembers]: Recruited Count for 山寨, grade 0: 1
2026-06-25 23:41:55.6615|INFO|Main|GameData.Domains.Global.GlobalDomain|[AdvanceMonth_Execute] UpdateOrganizationMembers: 520.2
2026-06-25 23:41:55.6790|WARN|Main|AdaptableLog|[Adventure]: AutoGenerateByConfig cost 14ms
2026-06-25 23:41:55.7351|WARN|Main|AdaptableLog|get invalid vital data by type Heaven
2026-06-25 23:41:55.7351|WARN|Main|AdaptableLog|get invalid vital data by type Earth
2026-06-25 23:41:55.7351|WARN|Main|AdaptableLog|get invalid vital data by type Human
2026-06-25 23:41:55.7351|INFO|Main|GameData.Domains.World.WorldDomain|Removing monthly event Config.MonthlyEventItem(470) at 21 of size 7 from a collection of size 28 and count 8
2026-06-25 23:41:55.7351|INFO|Main|GameData.Domains.World.WorldDomain|CheckMonthlyEvents: 7 events detected.
2026-06-25 23:41:55.7522|INFO|Main|GameData.Domains.World.WorldDomain|AdvanceMonth: end --------------------------------------------------------------
2026-06-25 23:41:55.7522|INFO|Main|GameData.Domains.World.WorldDomain|Advance Month Time Cost: 3069ms
2026-06-25 23:41:55.8043|INFO|Main|GameData.Domains.Global.GlobalDomain|Required Space: 1073741824 bytes.
Available Space: 1409356206080
2026-06-25 23:41:58.0561|INFO|Main|GameData.Domains.Taiwu.TaiwuDomain|Recording owned clothing: 赤霄灵蛇衣
2026-06-25 23:41:58.0561|INFO|Main|GameData.Domains.Taiwu.TaiwuDomain|Recording owned clothing: 青霄灵蛇衣
2026-06-25 23:41:58.0561|INFO|Main|GameData.Domains.Taiwu.TaiwuDomain|Recording owned clothing: 琼霄灵蛇衣
2026-06-25 23:41:58.0561|INFO|Main|GameData.Domains.Taiwu.TaiwuDomain|Recording owned clothing: 烛月无双衣
2026-06-25 23:41:58.0561|INFO|Main|GameData.Domains.Taiwu.TaiwuDomain|Recording owned clothing: 斑皓衣
2026-06-25 23:41:58.0561|INFO|Main|GameData.Domains.Taiwu.TaiwuDomain|Recording owned clothing: 霸戈衣
2026-06-25 23:41:58.0561|INFO|Main|GameData.Domains.Taiwu.TaiwuDomain|Recording owned clothing: 银导衣
2026-06-25 23:41:58.0561|INFO|Main|GameData.Domains.Taiwu.TaiwuDomain|Recording owned clothing: 香驹衣
2026-06-25 23:41:58.0561|INFO|Main|GameData.Domains.Taiwu.TaiwuDomain|Recording owned clothing: 青山依旧
2026-06-25 23:41:58.0561|INFO|Main|GameData.Domains.Taiwu.TaiwuDomain|Recording owned clothing: 八载同舟
2026-06-25 23:41:58.0561|INFO|Main|GameData.Domains.World.WorldDomain|Exit advancing month state and start saving world.
2026-06-25 23:41:58.6814|INFO|Main|GameData.Domains.World.WorldDomain|Currrent Population / World Standard Population: 6572/5957, Probability Adjustment of Creating Character: 100%
2026-06-25 23:41:58.6814|INFO|Main|GameData.Domains.Character.CharacterDomain|[[9]] Alive characters: 7156, dead characters: 624
2026-06-25 23:41:58.6814|INFO|Main|GameData.Domains.Character.CharacterDomain|Non-intelligent characters: 29
  7196: 336-鬼仆
  7201: 341-妖乐师
  7207: 347-毒手客
  7212: 352-恶煞
  7216: 356-疯魔
  7226: 366-闻恶声
  7258: 398-八门正徒
  7380: 646-恶徒
  7381: 647-恶徒
  7382: 648-恶徒
  7383: 649-恶徒
  7384: 650-恶徒
  7392: 848-未知门人
  7393: 849-未知门人
  7771: 377-年轻侠士
  7772: 377-年轻侠士
  7773: 377-年轻侠士
  7774: 377-年轻侠士
  7775: 377-年轻侠士
  7776: 377-年轻侠士
  7777: 377-年轻侠士
  7778: 377-年轻侠士
  7779: 377-年轻侠士
  7780: 1117-古兵残魂
  7781: 1122-古将残魂
  7782: 1117-古兵残魂
  7783: 1122-古将残魂
  7784: 1117-古兵残魂
  7785: 1122-古将残魂

2026-06-25 23:41:58.6879|INFO|Main|AdaptableLog|EventArgBox newly created: 161 instances, 4627 object collections.
2026-06-25 23:41:58.6879|INFO|Main|GameData.Domains.Item.ItemDomain|Total unowned items: 0
2026-06-25 23:41:58.9267|INFO|Main|GameData.Domains.Global.GlobalDomain|Total managed memory usage: 404.0MB
2026-06-25 23:41:58.9475|INFO|Main|GameData.Domains.Global.GlobalDomain|Required Space: 1073741824 bytes.
Available Space: 1409355677696
2026-06-25 23:41:59.2795|INFO|Main|GameData.Domains.Global.GlobalDomain|SaveWorld: 331.7
2026-06-25 23:41:59.7196|INFO|Main|AdaptableLog|new Event triggered : 1505c7c2-8a55-4794-bd85-1c5aec7ea341, _triggeredEventList.Count = 1
2026-06-25 23:41:59.7196|INFO|Main|AdaptableLog|new Event triggered : 914c2be7-efbd-40d3-8711-b39a353c4126, _triggeredEventList.Count = 2
2026-06-25 23:41:59.7196|INFO|Main|AdaptableLog|new Event triggered : b94ec916-8c0d-431d-9928-dbaa812ef423, _triggeredEventList.Count = 3
2026-06-25 23:41:59.7196|INFO|Main|AdaptableLog|914c2be7-efbd-40d3-8711-b39a353c4126 to event => 
2026-06-25 23:41:59.7196|INFO|Main|AdaptableLog|b94ec916-8c0d-431d-9928-dbaa812ef423 to event => 
2026-06-25 23:41:59.7196|INFO|Main|AdaptableLog|1505c7c2-8a55-4794-bd85-1c5aec7ea341 to event => 
2026-06-25 23:42:00.9361|INFO|Main|GameData.Domains.Map.MapDomain|Move to 186
2026-06-25 23:42:01.4695|INFO|Main|AdaptableLog|new Event triggered : 101971f0-0261-4007-962d-aeef44d80060, _triggeredEventList.Count = 1
2026-06-25 23:42:01.4695|INFO|Main|AdaptableLog|new Event triggered : 525600f1-3064-4b93-9971-90e8b530418b, _triggeredEventList.Count = 2
2026-06-25 23:42:01.4695|INFO|Main|AdaptableLog|101971f0-0261-4007-962d-aeef44d80060 to event => 
2026-06-25 23:42:01.4695|INFO|Main|AdaptableLog|525600f1-3064-4b93-9971-90e8b530418b to event => 02a045ec-c77b-4bab-9b01-ff6ecd9b26d1
2026-06-25 23:42:01.4695|INFO|Main|AdaptableLog|02a045ec-c77b-4bab-9b01-ff6ecd9b26d1 to event => 
2026-06-25 23:42:01.5028|INFO|Main|GameData.Domains.Map.MapDomain|Move to 206
2026-06-25 23:42:02.0361|INFO|Main|AdaptableLog|new Event triggered : 101971f0-0261-4007-962d-aeef44d80060, _triggeredEventList.Count = 1
2026-06-25 23:42:02.0361|INFO|Main|AdaptableLog|101971f0-0261-4007-962d-aeef44d80060 to event => 
2026-06-25 23:42:02.4528|INFO|Main|GameData.Domains.Map.MapDomain|Move to 226
2026-06-25 23:42:02.9862|INFO|Main|AdaptableLog|new Event triggered : 101971f0-0261-4007-962d-aeef44d80060, _triggeredEventList.Count = 1
2026-06-25 23:42:02.9862|INFO|Main|AdaptableLog|101971f0-0261-4007-962d-aeef44d80060 to event => 
2026-06-25 23:42:03.0195|INFO|Main|GameData.Domains.Map.MapDomain|Move to 246
2026-06-25 23:42:03.5528|INFO|Main|AdaptableLog|new Event triggered : 101971f0-0261-4007-962d-aeef44d80060, _triggeredEventList.Count = 1
2026-06-25 23:42:03.5528|INFO|Main|AdaptableLog|101971f0-0261-4007-962d-aeef44d80060 to event => 
2026-06-25 23:42:03.8195|INFO|Main|GameData.Domains.Map.MapDomain|Move to 247
2026-06-25 23:42:04.3528|INFO|Main|AdaptableLog|new Event triggered : 101971f0-0261-4007-962d-aeef44d80060, _triggeredEventList.Count = 1
2026-06-25 23:42:04.3528|INFO|Main|AdaptableLog|101971f0-0261-4007-962d-aeef44d80060 to event => 
2026-06-25 23:42:04.6714|INFO|Main|GameData.Domains.Map.MapDomain|Move to 248
2026-06-25 23:42:05.2048|INFO|Main|AdaptableLog|new Event triggered : 101971f0-0261-4007-962d-aeef44d80060, _triggeredEventList.Count = 1
2026-06-25 23:42:05.2048|INFO|Main|AdaptableLog|new Event triggered : 525600f1-3064-4b93-9971-90e8b530418b, _triggeredEventList.Count = 2
2026-06-25 23:42:05.2048|INFO|Main|AdaptableLog|101971f0-0261-4007-962d-aeef44d80060 to event => 
2026-06-25 23:42:05.2048|INFO|Main|AdaptableLog|525600f1-3064-4b93-9971-90e8b530418b to event => 02a045ec-c77b-4bab-9b01-ff6ecd9b26d1
2026-06-25 23:42:05.2048|INFO|Main|AdaptableLog|02a045ec-c77b-4bab-9b01-ff6ecd9b26d1 to event => 
2026-06-25 23:42:05.5881|INFO|Main|GameData.Domains.Map.MapDomain|Move to 249
2026-06-25 23:42:06.1215|INFO|Main|AdaptableLog|new Event triggered : 101971f0-0261-4007-962d-aeef44d80060, _triggeredEventList.Count = 1
2026-06-25 23:42:06.1215|INFO|Main|AdaptableLog|101971f0-0261-4007-962d-aeef44d80060 to event => 
2026-06-25 23:42:06.5049|INFO|Main|GameData.Domains.Map.MapDomain|Move to 269
2026-06-25 23:42:07.0393|INFO|Main|AdaptableLog|new Event triggered : 101971f0-0261-4007-962d-aeef44d80060, _triggeredEventList.Count = 1
2026-06-25 23:42:07.0393|INFO|Main|AdaptableLog|101971f0-0261-4007-962d-aeef44d80060 to event => 
2026-06-25 23:42:07.3393|INFO|Main|GameData.Domains.Map.MapDomain|Move to 270
2026-06-25 23:42:07.8893|INFO|Main|AdaptableLog|new Event triggered : 101971f0-0261-4007-962d-aeef44d80060, _triggeredEventList.Count = 1
2026-06-25 23:42:07.8900|INFO|Main|AdaptableLog|101971f0-0261-4007-962d-aeef44d80060 to event => 
2026-06-25 23:42:08.1226|INFO|Main|GameData.Domains.Map.MapDomain|Move to 271
2026-06-25 23:42:08.6560|INFO|Main|AdaptableLog|new Event triggered : 101971f0-0261-4007-962d-aeef44d80060, _triggeredEventList.Count = 1
2026-06-25 23:42:08.6560|INFO|Main|AdaptableLog|101971f0-0261-4007-962d-aeef44d80060 to event => 
2026-06-25 23:42:08.9060|INFO|Main|GameData.Domains.Map.MapDomain|Move to 272
2026-06-25 23:42:09.4562|INFO|Main|AdaptableLog|new Event triggered : 101971f0-0261-4007-962d-aeef44d80060, _triggeredEventList.Count = 1
2026-06-25 23:42:09.4562|INFO|Main|AdaptableLog|101971f0-0261-4007-962d-aeef44d80060 to event => 
2026-06-25 23:42:09.6895|INFO|Main|GameData.Domains.Map.MapDomain|Move to 273
2026-06-25 23:42:10.2229|INFO|Main|AdaptableLog|new Event triggered : 101971f0-0261-4007-962d-aeef44d80060, _triggeredEventList.Count = 1
2026-06-25 23:42:10.2229|INFO|Main|AdaptableLog|new Event triggered : 525600f1-3064-4b93-9971-90e8b530418b, _triggeredEventList.Count = 2
2026-06-25 23:42:10.2229|INFO|Main|AdaptableLog|101971f0-0261-4007-962d-aeef44d80060 to event => 
2026-06-25 23:42:10.2229|INFO|Main|AdaptableLog|525600f1-3064-4b93-9971-90e8b530418b to event => 02a045ec-c77b-4bab-9b01-ff6ecd9b26d1
2026-06-25 23:42:10.2229|INFO|Main|AdaptableLog|02a045ec-c77b-4bab-9b01-ff6ecd9b26d1 to event => 
2026-06-25 23:42:11.8413|INFO|Main|GameData.Domains.Global.GlobalDomain|Required Space: 1073741824 bytes.
Available Space: 1409341382656
2026-06-25 23:42:11.8745|INFO|Main|GameData.Domains.World.WorldDomain|AdvanceMonth: begin ------------------------------------------------------------
2026-06-25 23:42:11.8745|INFO|Main|GameData.Domains.Character.CharacterDomain|Removing all temporary enemies with a total count of 6
2026-06-25 23:42:11.8745|INFO|Main|GameData.Domains.Global.GlobalDomain|Required Space: 1073741824 bytes.
Available Space: 1409341382656
2026-06-25 23:42:11.8745|INFO|Main|GameData.Domains.World.WorldDomain|New month begin: Year 1, Month 10 (9)
2026-06-25 23:42:11.8745|INFO|Main|GameData.Domains.Global.GlobalDomain|[AdvanceMonth_Execute] PreAdvanceMonth: 3.3
2026-06-25 23:42:12.1620|INFO|Main|GameData.Domains.Global.GlobalDomain|[AdvanceMonth_Execute] UpdateStatus: 278.6
2026-06-25 23:42:12.1973|INFO|Main|GameData.Domains.Global.GlobalDomain|[AdvanceMonth_Execute] SelfImprovement: 34.7
2026-06-25 23:42:12.1973|INFO|Main|GameData.Domains.Global.GlobalDomain|[AdvanceMonth_Execute] CharacterPreparation: 2.1
2026-06-25 23:42:12.2954|INFO|Main|GameData.Domains.Character.CharacterDomain|[DistantMarriage] PassConditionCount=2105, PassSuccessRateCheckCount=58, FoundTargetCount=49
2026-06-25 23:42:12.3121|INFO|Main|GameData.Domains.Character.CharacterDomain|Adore Relations In Marriage: 185/187
2026-06-25 23:42:12.3121|INFO|Main|GameData.Domains.Global.GlobalDomain|[AdvanceMonth_Execute] CharacterRelationsUpdate: 112.7
2026-06-25 23:42:12.3121|INFO|Main|GameData.Domains.Global.GlobalDomain|[AdvanceMonth_Execute] CharacterActionPlanning: 2.9
2026-06-25 23:42:12.3121|INFO|Main|GameData.Domains.Global.GlobalDomain|[AdvanceMonth_Execute] CharacterFixedAction: 0.0
2026-06-25 23:42:13.8061|INFO|Main|GameData.Domains.Global.GlobalDomain|[AdvanceMonth_Execute] UpdateInformation: 1,490.5
2026-06-25 23:42:13.8125|INFO|Main|GameData.Domains.Global.GlobalDomain|[AdvanceMonth_Execute] UpdateInfectedCharacters: 0.0
2026-06-25 23:42:13.8125|INFO|Main|GameData.Domains.Global.GlobalDomain|[AdvanceMonth_Execute] UpdateCharacterMovements: 12.9
2026-06-25 23:42:14.1713|INFO|Main|GameData.Domains.Global.GlobalDomain|[AdvanceMonth_Execute] UpdateOrganizationMembers: 325.3
2026-06-25 23:42:14.1713|WARN|Main|AdaptableLog|[Adventure]: AutoGenerateByConfig cost 2ms
2026-06-25 23:42:14.1988|WARN|Main|AdaptableLog|get invalid vital data by type Heaven
2026-06-25 23:42:14.1988|WARN|Main|AdaptableLog|get invalid vital data by type Earth
2026-06-25 23:42:14.1988|WARN|Main|AdaptableLog|get invalid vital data by type Human
2026-06-25 23:42:14.1988|INFO|Main|GameData.Domains.World.WorldDomain|CheckMonthlyEvents: 0 events detected.
2026-06-25 23:42:14.1988|INFO|Main|GameData.Domains.World.WorldDomain|AdvanceMonth: end --------------------------------------------------------------
2026-06-25 23:42:14.1988|INFO|Main|GameData.Domains.World.WorldDomain|Advance Month Time Cost: 2325ms
2026-06-25 23:42:14.2452|INFO|Main|GameData.Domains.Global.GlobalDomain|Required Space: 1073741824 bytes.
Available Space: 1409341272064
2026-06-25 23:42:14.3119|INFO|Main|GameData.Domains.World.WorldDomain|Exit advancing month state and start saving world.
2026-06-25 23:42:14.9953|INFO|Main|GameData.Domains.World.WorldDomain|Currrent Population / World Standard Population: 6575/5957, Probability Adjustment of Creating Character: 100%
2026-06-25 23:42:14.9953|INFO|Main|GameData.Domains.Character.CharacterDomain|[[10]] Alive characters: 7159, dead characters: 624
2026-06-25 23:42:14.9953|INFO|Main|GameData.Domains.Character.CharacterDomain|Non-intelligent characters: 32
  7196: 336-鬼仆
  7201: 341-妖乐师
  7207: 347-毒手客
  7212: 352-恶煞
  7216: 356-疯魔
  7226: 366-闻恶声
  7258: 398-八门正徒
  7380: 646-恶徒
  7381: 647-恶徒
  7382: 648-恶徒
  7383: 649-恶徒
  7384: 650-恶徒
  7392: 848-未知门人
  7393: 849-未知门人
  7771: 377-年轻侠士
  7772: 377-年轻侠士
  7773: 377-年轻侠士
  7774: 377-年轻侠士
  7775: 377-年轻侠士
  7776: 377-年轻侠士
  7777: 377-年轻侠士
  7778: 377-年轻侠士
  7779: 377-年轻侠士
  7792: 1117-古兵残魂
  7791: 1122-古将残魂
  7790: 1117-古兵残魂
  7789: 377-年轻侠士
  7788: 377-年轻侠士
  7787: 377-年轻侠士
  7793: 1122-古将残魂
  7794: 1117-古兵残魂
  7795: 1122-古将残魂

2026-06-25 23:42:14.9990|INFO|Main|AdaptableLog|EventArgBox newly created: 32 instances, 855 object collections.
2026-06-25 23:42:14.9990|INFO|Main|GameData.Domains.Item.ItemDomain|Total unowned items: 0
2026-06-25 23:42:15.1278|INFO|Main|GameData.Domains.Global.GlobalDomain|Total managed memory usage: 417.0MB
2026-06-25 23:42:15.1475|INFO|Main|GameData.Domains.Global.GlobalDomain|Required Space: 1073741824 bytes.
Available Space: 1409341009920
2026-06-25 23:42:15.4667|INFO|Main|GameData.Domains.Global.GlobalDomain|SaveWorld: 318.9
2026-06-25 23:42:16.3869|INFO|Main|AdaptableLog|new Event triggered : 1505c7c2-8a55-4794-bd85-1c5aec7ea341, _triggeredEventList.Count = 1
2026-06-25 23:42:16.3869|INFO|Main|AdaptableLog|new Event triggered : 914c2be7-efbd-40d3-8711-b39a353c4126, _triggeredEventList.Count = 2
2026-06-25 23:42:16.3869|INFO|Main|AdaptableLog|new Event triggered : b94ec916-8c0d-431d-9928-dbaa812ef423, _triggeredEventList.Count = 3
2026-06-25 23:42:16.3869|INFO|Main|AdaptableLog|new Event triggered : d08e7abb-23cf-495d-a2f2-8cb6a361d7e0, _triggeredEventList.Count = 4
2026-06-25 23:42:16.3869|INFO|Main|AdaptableLog|914c2be7-efbd-40d3-8711-b39a353c4126 to event => 
2026-06-25 23:42:16.3869|INFO|Main|AdaptableLog|b94ec916-8c0d-431d-9928-dbaa812ef423 to event => 
2026-06-25 23:42:17.3216|INFO|Main|AdaptableLog|1505c7c2-8a55-4794-bd85-1c5aec7ea341 to event => 
2026-06-25 23:42:21.5486|INFO|ReadInterProcessMessages|GameData.GameDataBridge.GameDataBridge|Incoming message: Disconnect
2026-06-25 23:42:21.5486|INFO|ReadInterProcessMessages|GameData.GameDataBridge.GameDataBridge|ReadInterProcessMessages thread is about to exit.
2026-06-25 23:42:21.5486|INFO|WriteInterProcessMessages|GameData.GameDataBridge.GameDataBridge|Outgoing message: Disconnect
2026-06-25 23:42:21.5486|INFO|WriteInterProcessMessages|GameData.GameDataBridge.GameDataBridge|WriteInterProcessMessages thread is about to exit.
2026-06-25 23:42:21.5486|INFO|Main|GameData.Program|GameData module is about to exit.
